<?xml version="1.0" ?>
<coverage version="7.15.0" timestamp="1783646679664" lines-valid="793" lines-covered="5" line-rate="0.006305" branches-covered="0" branches-valid="0" branch-rate="0" complexity="0">
	<!-- Generated by coverage.py: https://coverage.readthedocs.io/en/7.15.0 -->
	<!-- Based on https://raw.githubusercontent.com/cobertura/web/master/htdocs/xml/coverage-04.dtd -->
	<sources>
		<source>/root/git/workspace/perihelion-infrastructure/src</source>
	</sources>
	<packages>
		<package name="gitlab_runner_controller" line-rate="0.0303" branch-rate="0" complexity="0">
			<classes>
				<class name="__init__.py" filename="gitlab_runner_controller/__init__.py" complexity="0" line-rate="0.6667" branch-rate="0">
					<methods/>
					<lines>
						<line number="14" hits="1"/>
						<line number="15" hits="1"/>
						<line number="16" hits="1"/>
						<line number="18" hits="1"/>
						<line number="19" hits="0"/>
						<line number="21" hits="0"/>
					</lines>
				</class>
				<class name="cli.py" filename="gitlab_runner_controller/cli.py" complexity="0" line-rate="0" branch-rate="0">
					<methods/>
					<lines>
						<line number="8" hits="0"/>
						<line number="9" hits="0"/>
						<line number="10" hits="0"/>
						<line number="11" hits="0"/>
						<line number="12" hits="0"/>
						<line number="13" hits="0"/>
						<line number="15" hits="0"/>
						<line number="16" hits="0"/>
						<line number="17" hits="0"/>
						<line number="19" hits="0"/>
						<line number="20" hits="0"/>
						<line number="28" hits="0"/>
						<line number="45" hits="0"/>
						<line number="51" hits="0"/>
						<line number="54" hits="0"/>
						<line number="67" hits="0"/>
						<line number="68" hits="0"/>
						<line number="70" hits="0"/>
						<line number="71" hits="0"/>
						<line number="72" hits="0"/>
						<line number="75" hits="0"/>
						<line number="76" hits="0"/>
						<line number="77" hits="0"/>
						<line number="79" hits="0"/>
						<line number="80" hits="0"/>
						<line number="83" hits="0"/>
						<line number="85" hits="0"/>
						<line number="86" hits="0"/>
						<line number="88" hits="0"/>
						<line number="89" hits="0"/>
						<line number="90" hits="0"/>
						<line number="91" hits="0"/>
						<line number="92" hits="0"/>
						<line number="93" hits="0"/>
						<line number="94" hits="0"/>
						<line number="95" hits="0"/>
						<line number="98" hits="0"/>
						<line number="101" hits="0"/>
						<line number="102" hits="0"/>
						<line number="105" hits="0"/>
						<line number="106" hits="0"/>
						<line number="120" hits="0"/>
						<line number="121" hits="0"/>
						<line number="152" hits="0"/>
						<line number="154" hits="0"/>
						<line number="156" hits="0"/>
						<line number="157" hits="0"/>
						<line number="160" hits="0"/>
						<line number="163" hits="0"/>
						<line number="164" hits="0"/>
						<line number="166" hits="0"/>
						<line number="167" hits="0"/>
						<line number="168" hits="0"/>
						<line number="169" hits="0"/>
						<line number="170" hits="0"/>
						<line number="171" hits="0"/>
						<line number="172" hits="0"/>
						<line number="175" hits="0"/>
						<line number="178" hits="0"/>
						<line number="180" hits="0"/>
						<line number="181" hits="0"/>
						<line number="182" hits="0"/>
						<line number="183" hits="0"/>
						<line number="184" hits="0"/>
						<line number="187" hits="0"/>
						<line number="188" hits="0"/>
						<line number="201" hits="0"/>
						<line number="202" hits="0"/>
						<line number="205" hits="0"/>
						<line number="208" hits="0"/>
						<line number="209" hits="0"/>
						<line number="211" hits="0"/>
						<line number="212" hits="0"/>
						<line number="213" hits="0"/>
						<line number="214" hits="0"/>
						<line number="215" hits="0"/>
						<line number="217" hits="0"/>
						<line number="218" hits="0"/>
						<line number="219" hits="0"/>
						<line number="220" hits="0"/>
						<line number="223" hits="0"/>
						<line number="224" hits="0"/>
						<line number="225" hits="0"/>
						<line number="226" hits="0"/>
						<line number="227" hits="0"/>
						<line number="228" hits="0"/>
						<line number="230" hits="0"/>
						<line number="231" hits="0"/>
						<line number="233" hits="0"/>
						<line number="235" hits="0"/>
						<line number="236" hits="0"/>
						<line number="237" hits="0"/>
						<line number="240" hits="0"/>
						<line number="241" hits="0"/>
						<line number="259" hits="0"/>
						<line number="261" hits="0"/>
						<line number="344" hits="0"/>
						<line number="346" hits="0"/>
						<line number="347" hits="0"/>
						<line number="348" hits="0"/>
						<line number="350" hits="0"/>
						<line number="351" hits="0"/>
						<line number="353" hits="0"/>
						<line number="354" hits="0"/>
						<line number="355" hits="0"/>
						<line number="357" hits="0"/>
						<line number="358" hits="0"/>
						<line number="359" hits="0"/>
						<line number="362" hits="0"/>
						<line number="363" hits="0"/>
						<line number="381" hits="0"/>
						<line number="382" hits="0"/>
						<line number="385" hits="0"/>
						<line number="387" hits="0"/>
						<line number="389" hits="0"/>
						<line number="390" hits="0"/>
						<line number="391" hits="0"/>
						<line number="392" hits="0"/>
						<line number="393" hits="0"/>
						<line number="394" hits="0"/>
						<line number="397" hits="0"/>
						<line number="398" hits="0"/>
						<line number="399" hits="0"/>
						<line number="400" hits="0"/>
						<line number="403" hits="0"/>
						<line number="405" hits="0"/>
					</lines>
				</class>
			</classes>
		</package>
		<package name="gitlab_runner_controller.controllers" line-rate="0.5" branch-rate="0" complexity="0">
			<classes>
				<class name="__init__.py" filename="gitlab_runner_controller/controllers/__init__.py" complexity="0" line-rate="0.5" branch-rate="0">
					<methods/>
					<lines>
						<line number="8" hits="1"/>
						<line number="10" hits="0"/>
					</lines>
				</class>
			</classes>
		</package>
		<package name="gitlab_runner_controller.utils" line-rate="0" branch-rate="0" complexity="0">
			<classes>
				<class name="__init__.py" filename="gitlab_runner_controller/utils/__init__.py" complexity="0" line-rate="0" branch-rate="0">
					<methods/>
					<lines>
						<line number="8" hits="0"/>
						<line number="9" hits="0"/>
						<line number="10" hits="0"/>
						<line number="12" hits="0"/>
					</lines>
				</class>
				<class name="gitlab_client.py" filename="gitlab_runner_controller/utils/gitlab_client.py" complexity="0" line-rate="0" branch-rate="0">
					<methods/>
					<lines>
						<line number="9" hits="0"/>
						<line number="10" hits="0"/>
						<line number="11" hits="0"/>
						<line number="12" hits="0"/>
						<line number="13" hits="0"/>
						<line number="14" hits="0"/>
						<line number="16" hits="0"/>
						<line number="17" hits="0"/>
						<line number="19" hits="0"/>
						<line number="22" hits="0"/>
						<line number="24" hits="0"/>
						<line number="27" hits="0"/>
						<line number="29" hits="0"/>
						<line number="32" hits="0"/>
						<line number="45" hits="0"/>
						<line number="66" hits="0"/>
						<line number="67" hits="0"/>
						<line number="70" hits="0"/>
						<line number="71" hits="0"/>
						<line number="74" hits="0"/>
						<line number="75" hits="0"/>
						<line number="76" hits="0"/>
						<line number="79" hits="0"/>
						<line number="80" hits="0"/>
						<line number="83" hits="0"/>
						<line number="84" hits="0"/>
						<line number="85" hits="0"/>
						<line number="88" hits="0"/>
						<line number="89" hits="0"/>
						<line number="90" hits="0"/>
						<line number="92" hits="0"/>
						<line number="99" hits="0"/>
						<line number="110" hits="0"/>
						<line number="112" hits="0"/>
						<line number="115" hits="0"/>
						<line number="118" hits="0"/>
						<line number="121" hits="0"/>
						<line number="122" hits="0"/>
						<line number="125" hits="0"/>
						<line number="127" hits="0"/>
						<line number="129" hits="0"/>
						<line number="130" hits="0"/>
						<line number="131" hits="0"/>
						<line number="133" hits="0"/>
						<line number="146" hits="0"/>
						<line number="148" hits="0"/>
						<line number="149" hits="0"/>
						<line number="150" hits="0"/>
						<line number="153" hits="0"/>
						<line number="154" hits="0"/>
						<line number="155" hits="0"/>
						<line number="158" hits="0"/>
						<line number="159" hits="0"/>
						<line number="161" hits="0"/>
						<line number="163" hits="0"/>
						<line number="164" hits="0"/>
						<line number="167" hits="0"/>
						<line number="168" hits="0"/>
						<line number="169" hits="0"/>
						<line number="171" hits="0"/>
						<line number="174" hits="0"/>
						<line number="180" hits="0"/>
						<line number="182" hits="0"/>
						<line number="183" hits="0"/>
						<line number="185" hits="0"/>
						<line number="190" hits="0"/>
						<line number="192" hits="0"/>
						<line number="193" hits="0"/>
						<line number="194" hits="0"/>
						<line number="195" hits="0"/>
						<line number="197" hits="0"/>
						<line number="215" hits="0"/>
						<line number="217" hits="0"/>
						<line number="218" hits="0"/>
						<line number="220" hits="0"/>
						<line number="221" hits="0"/>
						<line number="224" hits="0"/>
						<line number="225" hits="0"/>
						<line number="226" hits="0"/>
						<line number="229" hits="0"/>
						<line number="241" hits="0"/>
						<line number="242" hits="0"/>
						<line number="244" hits="0"/>
						<line number="245" hits="0"/>
						<line number="246" hits="0"/>
						<line number="248" hits="0"/>
						<line number="249" hits="0"/>
						<line number="257" hits="0"/>
						<line number="259" hits="0"/>
						<line number="261" hits="0"/>
						<line number="262" hits="0"/>
						<line number="264" hits="0"/>
						<line number="269" hits="0"/>
						<line number="270" hits="0"/>
						<line number="272" hits="0"/>
						<line number="273" hits="0"/>
						<line number="274" hits="0"/>
						<line number="275" hits="0"/>
						<line number="277" hits="0"/>
						<line number="287" hits="0"/>
						<line number="289" hits="0"/>
						<line number="291" hits="0"/>
						<line number="292" hits="0"/>
						<line number="293" hits="0"/>
						<line number="296" hits="0"/>
						<line number="297" hits="0"/>
						<line number="298" hits="0"/>
						<line number="301" hits="0"/>
						<line number="302" hits="0"/>
						<line number="304" hits="0"/>
						<line number="306" hits="0"/>
						<line number="307" hits="0"/>
						<line number="308" hits="0"/>
						<line number="309" hits="0"/>
						<line number="311" hits="0"/>
						<line number="316" hits="0"/>
						<line number="317" hits="0"/>
						<line number="319" hits="0"/>
						<line number="320" hits="0"/>
						<line number="321" hits="0"/>
						<line number="322" hits="0"/>
						<line number="324" hits="0"/>
						<line number="326" hits="0"/>
						<line number="328" hits="0"/>
						<line number="330" hits="0"/>
						<line number="331" hits="0"/>
						<line number="333" hits="0"/>
						<line number="334" hits="0"/>
						<line number="335" hits="0"/>
						<line number="336" hits="0"/>
						<line number="339" hits="0"/>
						<line number="347" hits="0"/>
						<line number="354" hits="0"/>
						<line number="363" hits="0"/>
						<line number="365" hits="0"/>
						<line number="366" hits="0"/>
						<line number="367" hits="0"/>
						<line number="369" hits="0"/>
						<line number="391" hits="0"/>
						<line number="392" hits="0"/>
						<line number="394" hits="0"/>
						<line number="396" hits="0"/>
						<line number="397" hits="0"/>
						<line number="400" hits="0"/>
						<line number="401" hits="0"/>
						<line number="402" hits="0"/>
						<line number="405" hits="0"/>
						<line number="406" hits="0"/>
						<line number="407" hits="0"/>
						<line number="410" hits="0"/>
						<line number="411" hits="0"/>
						<line number="414" hits="0"/>
						<line number="415" hits="0"/>
						<line number="418" hits="0"/>
						<line number="427" hits="0"/>
						<line number="436" hits="0"/>
						<line number="438" hits="0"/>
						<line number="440" hits="0"/>
						<line number="441" hits="0"/>
						<line number="442" hits="0"/>
						<line number="443" hits="0"/>
						<line number="444" hits="0"/>
						<line number="445" hits="0"/>
						<line number="446" hits="0"/>
						<line number="447" hits="0"/>
						<line number="449" hits="0"/>
						<line number="451" hits="0"/>
						<line number="452" hits="0"/>
						<line number="454" hits="0"/>
						<line number="455" hits="0"/>
						<line number="456" hits="0"/>
						<line number="462" hits="0"/>
						<line number="464" hits="0"/>
						<line number="465" hits="0"/>
						<line number="467" hits="0"/>
						<line number="469" hits="0"/>
						<line number="470" hits="0"/>
						<line number="471" hits="0"/>
						<line number="473" hits="0"/>
						<line number="475" hits="0"/>
						<line number="476" hits="0"/>
						<line number="477" hits="0"/>
						<line number="479" hits="0"/>
						<line number="481" hits="0"/>
						<line number="482" hits="0"/>
						<line number="484" hits="0"/>
						<line number="486" hits="0"/>
						<line number="487" hits="0"/>
						<line number="488" hits="0"/>
						<line number="490" hits="0"/>
						<line number="491" hits="0"/>
						<line number="492" hits="0"/>
						<line number="497" hits="0"/>
						<line number="499" hits="0"/>
						<line number="500" hits="0"/>
						<line number="502" hits="0"/>
						<line number="504" hits="0"/>
						<line number="505" hits="0"/>
						<line number="508" hits="0"/>
						<line number="509" hits="0"/>
						<line number="512" hits="0"/>
						<line number="513" hits="0"/>
						<line number="515" hits="0"/>
						<line number="517" hits="0"/>
						<line number="519" hits="0"/>
						<line number="520" hits="0"/>
						<line number="523" hits="0"/>
						<line number="526" hits="0"/>
						<line number="528" hits="0"/>
						<line number="529" hits="0"/>
						<line number="531" hits="0"/>
						<line number="532" hits="0"/>
						<line number="534" hits="0"/>
						<line number="535" hits="0"/>
						<line number="537" hits="0"/>
						<line number="538" hits="0"/>
						<line number="541" hits="0"/>
						<line number="543" hits="0"/>
						<line number="545" hits="0"/>
						<line number="546" hits="0"/>
						<line number="549" hits="0"/>
						<line number="552" hits="0"/>
						<line number="553" hits="0"/>
						<line number="555" hits="0"/>
						<line number="556" hits="0"/>
						<line number="558" hits="0"/>
						<line number="560" hits="0"/>
						<line number="562" hits="0"/>
						<line number="563" hits="0"/>
						<line number="565" hits="0"/>
						<line number="566" hits="0"/>
						<line number="568" hits="0"/>
						<line number="570" hits="0"/>
						<line number="572" hits="0"/>
						<line number="575" hits="0"/>
						<line number="576" hits="0"/>
						<line number="579" hits="0"/>
						<line number="580" hits="0"/>
						<line number="585" hits="0"/>
						<line number="587" hits="0"/>
						<line number="589" hits="0"/>
						<line number="590" hits="0"/>
						<line number="593" hits="0"/>
						<line number="594" hits="0"/>
						<line number="595" hits="0"/>
						<line number="602" hits="0"/>
						<line number="603" hits="0"/>
						<line number="605" hits="0"/>
						<line number="606" hits="0"/>
						<line number="608" hits="0"/>
						<line number="610" hits="0"/>
						<line number="611" hits="0"/>
						<line number="612" hits="0"/>
						<line number="613" hits="0"/>
						<line number="616" hits="0"/>
						<line number="623" hits="0"/>
						<line number="624" hits="0"/>
						<line number="626" hits="0"/>
						<line number="628" hits="0"/>
					</lines>
				</class>
				<class name="kubernetes_client.py" filename="gitlab_runner_controller/utils/kubernetes_client.py" complexity="0" line-rate="0" branch-rate="0">
					<methods/>
					<lines>
						<line number="9" hits="0"/>
						<line number="10" hits="0"/>
						<line number="11" hits="0"/>
						<line number="12" hits="0"/>
						<line number="14" hits="0"/>
						<line number="15" hits="0"/>
						<line number="16" hits="0"/>
						<line number="18" hits="0"/>
						<line number="19" hits="0"/>
						<line number="22" hits="0"/>
						<line number="24" hits="0"/>
						<line number="27" hits="0"/>
						<line number="39" hits="0"/>
						<line number="50" hits="0"/>
						<line number="51" hits="0"/>
						<line number="54" hits="0"/>
						<line number="55" hits="0"/>
						<line number="56" hits="0"/>
						<line number="59" hits="0"/>
						<line number="62" hits="0"/>
						<line number="63" hits="0"/>
						<line number="65" hits="0"/>
						<line number="75" hits="0"/>
						<line number="77" hits="0"/>
						<line number="80" hits="0"/>
						<line number="83" hits="0"/>
						<line number="85" hits="0"/>
						<line number="87" hits="0"/>
						<line number="88" hits="0"/>
						<line number="89" hits="0"/>
						<line number="91" hits="0"/>
						<line number="101" hits="0"/>
						<line number="103" hits="0"/>
						<line number="106" hits="0"/>
						<line number="107" hits="0"/>
						<line number="108" hits="0"/>
						<line number="114" hits="0"/>
						<line number="115" hits="0"/>
						<line number="116" hits="0"/>
						<line number="122" hits="0"/>
						<line number="123" hits="0"/>
						<line number="124" hits="0"/>
						<line number="127" hits="0"/>
						<line number="128" hits="0"/>
						<line number="132" hits="0"/>
						<line number="133" hits="0"/>
						<line number="135" hits="0"/>
						<line number="137" hits="0"/>
						<line number="138" hits="0"/>
						<line number="139" hits="0"/>
						<line number="141" hits="0"/>
						<line number="160" hits="0"/>
						<line number="161" hits="0"/>
						<line number="163" hits="0"/>
						<line number="164" hits="0"/>
						<line number="167" hits="0"/>
						<line number="168" hits="0"/>
						<line number="169" hits="0"/>
						<line number="177" hits="0"/>
						<line number="300" hits="0"/>
						<line number="301" hits="0"/>
						<line number="302" hits="0"/>
						<line number="306" hits="0"/>
						<line number="308" hits="0"/>
						<line number="315" hits="0"/>
						<line number="317" hits="0"/>
						<line number="321" hits="0"/>
						<line number="341" hits="0"/>
						<line number="342" hits="0"/>
						<line number="344" hits="0"/>
						<line number="345" hits="0"/>
						<line number="347" hits="0"/>
						<line number="352" hits="0"/>
						<line number="354" hits="0"/>
						<line number="364" hits="0"/>
						<line number="366" hits="0"/>
						<line number="367" hits="0"/>
						<line number="368" hits="0"/>
						<line number="372" hits="0"/>
						<line number="375" hits="0"/>
						<line number="380" hits="0"/>
						<line number="387" hits="0"/>
						<line number="389" hits="0"/>
						<line number="391" hits="0"/>
						<line number="392" hits="0"/>
						<line number="398" hits="0"/>
						<line number="399" hits="0"/>
						<line number="400" hits="0"/>
						<line number="401" hits="0"/>
						<line number="403" hits="0"/>
						<line number="414" hits="0"/>
						<line number="416" hits="0"/>
						<line number="417" hits="0"/>
						<line number="418" hits="0"/>
						<line number="421" hits="0"/>
						<line number="424" hits="0"/>
						<line number="430" hits="0"/>
						<line number="437" hits="0"/>
						<line number="439" hits="0"/>
						<line number="441" hits="0"/>
						<line number="442" hits="0"/>
						<line number="444" hits="0"/>
						<line number="445" hits="0"/>
						<line number="447" hits="0"/>
						<line number="453" hits="0"/>
						<line number="454" hits="0"/>
						<line number="455" hits="0"/>
						<line number="460" hits="0"/>
						<line number="462" hits="0"/>
						<line number="469" hits="0"/>
						<line number="471" hits="0"/>
						<line number="477" hits="0"/>
						<line number="478" hits="0"/>
						<line number="479" hits="0"/>
						<line number="480" hits="0"/>
						<line number="482" hits="0"/>
						<line number="488" hits="0"/>
						<line number="494" hits="0"/>
						<line number="496" hits="0"/>
						<line number="497" hits="0"/>
						<line number="502" hits="0"/>
						<line number="503" hits="0"/>
						<line number="504" hits="0"/>
						<line number="505" hits="0"/>
						<line number="507" hits="0"/>
						<line number="517" hits="0"/>
						<line number="519" hits="0"/>
						<line number="520" hits="0"/>
						<line number="522" hits="0"/>
						<line number="525" hits="0"/>
						<line number="531" hits="0"/>
						<line number="532" hits="0"/>
						<line number="534" hits="0"/>
						<line number="536" hits="0"/>
						<line number="538" hits="0"/>
						<line number="540" hits="0"/>
						<line number="541" hits="0"/>
						<line number="547" hits="0"/>
						<line number="548" hits="0"/>
						<line number="549" hits="0"/>
						<line number="554" hits="0"/>
						<line number="556" hits="0"/>
						<line number="566" hits="0"/>
						<line number="567" hits="0"/>
						<line number="570" hits="0"/>
						<line number="571" hits="0"/>
						<line number="572" hits="0"/>
						<line number="573" hits="0"/>
						<line number="576" hits="0"/>
						<line number="577" hits="0"/>
						<line number="579" hits="0"/>
						<line number="580" hits="0"/>
						<line number="583" hits="0"/>
						<line number="584" hits="0"/>
						<line number="585" hits="0"/>
						<line number="587" hits="0"/>
						<line number="589" hits="0"/>
						<line number="590" hits="0"/>
						<line number="592" hits="0"/>
						<line number="594" hits="0"/>
						<line number="595" hits="0"/>
						<line number="596" hits="0"/>
						<line number="597" hits="0"/>
						<line number="599" hits="0"/>
						<line number="601" hits="0"/>
						<line number="603" hits="0"/>
						<line number="604" hits="0"/>
						<line number="605" hits="0"/>
						<line number="607" hits="0"/>
						<line number="609" hits="0"/>
						<line number="611" hits="0"/>
						<line number="612" hits="0"/>
						<line number="613" hits="0"/>
						<line number="619" hits="0"/>
						<line number="621" hits="0"/>
						<line number="623" hits="0"/>
						<line number="631" hits="0"/>
						<line number="632" hits="0"/>
						<line number="634" hits="0"/>
						<line number="636" hits="0"/>
					</lines>
				</class>
				<class name="security.py" filename="gitlab_runner_controller/utils/security.py" complexity="0" line-rate="0" branch-rate="0">
					<methods/>
					<lines>
						<line number="9" hits="0"/>
						<line number="10" hits="0"/>
						<line number="11" hits="0"/>
						<line number="12" hits="0"/>
						<line number="13" hits="0"/>
						<line number="14" hits="0"/>
						<line number="15" hits="0"/>
						<line number="17" hits="0"/>
						<line number="18" hits="0"/>
						<line number="20" hits="0"/>
						<line number="23" hits="0"/>
						<line number="25" hits="0"/>
						<line number="28" hits="0"/>
						<line number="39" hits="0"/>
						<line number="47" hits="0"/>
						<line number="48" hits="0"/>
						<line number="49" hits="0"/>
						<line number="50" hits="0"/>
						<line number="51" hits="0"/>
						<line number="53" hits="0"/>
						<line number="55" hits="0"/>
						<line number="66" hits="0"/>
						<line number="69" hits="0"/>
						<line number="70" hits="0"/>
						<line number="71" hits="0"/>
						<line number="74" hits="0"/>
						<line number="77" hits="0"/>
						<line number="78" hits="0"/>
						<line number="80" hits="0"/>
						<line number="81" hits="0"/>
						<line number="84" hits="0"/>
						<line number="86" hits="0"/>
						<line number="88" hits="0"/>
						<line number="89" hits="0"/>
						<line number="92" hits="0"/>
						<line number="93" hits="0"/>
						<line number="95" hits="0"/>
						<line number="97" hits="0"/>
						<line number="99" hits="0"/>
						<line number="107" hits="0"/>
						<line number="110" hits="0"/>
						<line number="113" hits="0"/>
						<line number="115" hits="0"/>
						<line number="116" hits="0"/>
						<line number="118" hits="0"/>
						<line number="121" hits="0"/>
						<line number="123" hits="0"/>
						<line number="125" hits="0"/>
						<line number="132" hits="0"/>
						<line number="134" hits="0"/>
						<line number="135" hits="0"/>
						<line number="137" hits="0"/>
						<line number="138" hits="0"/>
						<line number="139" hits="0"/>
						<line number="141" hits="0"/>
						<line number="143" hits="0"/>
						<line number="145" hits="0"/>
						<line number="146" hits="0"/>
						<line number="148" hits="0"/>
						<line number="149" hits="0"/>
						<line number="151" hits="0"/>
						<line number="153" hits="0"/>
						<line number="155" hits="0"/>
						<line number="156" hits="0"/>
						<line number="157" hits="0"/>
						<line number="158" hits="0"/>
						<line number="159" hits="0"/>
						<line number="161" hits="0"/>
						<line number="164" hits="0"/>
						<line number="172" hits="0"/>
						<line number="174" hits="0"/>
						<line number="177" hits="0"/>
						<line number="183" hits="0"/>
						<line number="187" hits="0"/>
						<line number="192" hits="0"/>
						<line number="202" hits="0"/>
						<line number="205" hits="0"/>
						<line number="208" hits="0"/>
						<line number="211" hits="0"/>
						<line number="214" hits="0"/>
						<line number="215" hits="0"/>
						<line number="218" hits="0"/>
						<line number="219" hits="0"/>
						<line number="222" hits="0"/>
						<line number="223" hits="0"/>
						<line number="225" hits="0"/>
						<line number="227" hits="0"/>
						<line number="229" hits="0"/>
						<line number="232" hits="0"/>
						<line number="233" hits="0"/>
						<line number="236" hits="0"/>
						<line number="237" hits="0"/>
						<line number="240" hits="0"/>
						<line number="241" hits="0"/>
						<line number="244" hits="0"/>
						<line number="245" hits="0"/>
						<line number="246" hits="0"/>
						<line number="249" hits="0"/>
						<line number="250" hits="0"/>
						<line number="253" hits="0"/>
						<line number="254" hits="0"/>
						<line number="256" hits="0"/>
						<line number="258" hits="0"/>
						<line number="260" hits="0"/>
						<line number="263" hits="0"/>
						<line number="264" hits="0"/>
						<line number="267" hits="0"/>
						<line number="268" hits="0"/>
						<line number="269" hits="0"/>
						<line number="272" hits="0"/>
						<line number="273" hits="0"/>
						<line number="276" hits="0"/>
						<line number="277" hits="0"/>
						<line number="279" hits="0"/>
						<line number="281" hits="0"/>
						<line number="283" hits="0"/>
						<line number="286" hits="0"/>
						<line number="287" hits="0"/>
						<line number="290" hits="0"/>
						<line number="291" hits="0"/>
						<line number="294" hits="0"/>
						<line number="295" hits="0"/>
						<line number="296" hits="0"/>
						<line number="297" hits="0"/>
						<line number="298" hits="0"/>
						<line number="299" hits="0"/>
						<line number="300" hits="0"/>
						<line number="301" hits="0"/>
						<line number="302" hits="0"/>
						<line number="304" hits="0"/>
						<line number="305" hits="0"/>
						<line number="306" hits="0"/>
						<line number="307" hits="0"/>
						<line number="308" hits="0"/>
						<line number="309" hits="0"/>
						<line number="311" hits="0"/>
						<line number="313" hits="0"/>
						<line number="315" hits="0"/>
						<line number="317" hits="0"/>
						<line number="318" hits="0"/>
						<line number="321" hits="0"/>
						<line number="322" hits="0"/>
						<line number="323" hits="0"/>
						<line number="326" hits="0"/>
						<line number="327" hits="0"/>
						<line number="330" hits="0"/>
						<line number="331" hits="0"/>
						<line number="333" hits="0"/>
						<line number="335" hits="0"/>
						<line number="337" hits="0"/>
						<line number="340" hits="0"/>
						<line number="341" hits="0"/>
						<line number="344" hits="0"/>
						<line number="345" hits="0"/>
						<line number="348" hits="0"/>
						<line number="349" hits="0"/>
						<line number="352" hits="0"/>
						<line number="353" hits="0"/>
						<line number="356" hits="0"/>
						<line number="357" hits="0"/>
						<line number="358" hits="0"/>
						<line number="359" hits="0"/>
						<line number="360" hits="0"/>
						<line number="363" hits="0"/>
						<line number="364" hits="0"/>
						<line number="365" hits="0"/>
						<line number="366" hits="0"/>
						<line number="367" hits="0"/>
						<line number="369" hits="0"/>
						<line number="371" hits="0"/>
						<line number="373" hits="0"/>
						<line number="374" hits="0"/>
						<line number="377" hits="0"/>
						<line number="378" hits="0"/>
						<line number="383" hits="0"/>
						<line number="386" hits="0"/>
						<line number="387" hits="0"/>
						<line number="388" hits="0"/>
						<line number="391" hits="0"/>
						<line number="393" hits="0"/>
						<line number="395" hits="0"/>
						<line number="397" hits="0"/>
						<line number="398" hits="0"/>
						<line number="401" hits="0"/>
						<line number="402" hits="0"/>
						<line number="405" hits="0"/>
						<line number="406" hits="0"/>
						<line number="409" hits="0"/>
						<line number="410" hits="0"/>
						<line number="411" hits="0"/>
						<line number="413" hits="0"/>
						<line number="415" hits="0"/>
						<line number="417" hits="0"/>
						<line number="419" hits="0"/>
						<line number="421" hits="0"/>
						<line number="422" hits="0"/>
						<line number="425" hits="0"/>
						<line number="432" hits="0"/>
						<line number="434" hits="0"/>
						<line number="436" hits="0"/>
						<line number="437" hits="0"/>
						<line number="443" hits="0"/>
						<line number="444" hits="0"/>
						<line number="445" hits="0"/>
						<line number="447" hits="0"/>
						<line number="452" hits="0"/>
						<line number="454" hits="0"/>
						<line number="455" hits="0"/>
						<line number="456" hits="0"/>
						<line number="457" hits="0"/>
						<line number="458" hits="0"/>
						<line number="459" hits="0"/>
						<line number="460" hits="0"/>
						<line number="464" hits="0"/>
						<line number="466" hits="0"/>
						<line number="468" hits="0"/>
					</lines>
				</class>
			</classes>
		</package>
	</packages>
</coverage>
